<?xml version="1.0" encoding="UTF-8"?>
<coverage generated="1698616960111" clover="3.2.0">
  <project timestamp="1698616960111" name="All files">
    <metrics statements="4" coveredstatements="2" conditionals="0" coveredconditionals="0" methods="4" coveredmethods="2" elements="8" coveredelements="4" complexity="0" loc="4" ncloc="4" packages="1" files="1" classes="1"/>
    <file name="testTest.js" path="C:\Users\mihae\Downloads\FH Master\WebEngineering\FrontEnd Application\FrontendApplication\src\javascript\testTest.js">
      <metrics statements="4" coveredstatements="2" conditionals="0" coveredconditionals="0" methods="4" coveredmethods="2"/>
      <line num="4" count="1" type="stmt"/>
      <line num="8" count="1" type="stmt"/>
      <line num="12" count="0" type="stmt"/>
      <line num="13" count="0" type="stmt"/>
    </file>
  </project>
</coverage>
