{"C:\\Users\\mihae\\Downloads\\FH Master\\WebEngineering\\FrontEnd Application\\FrontendApplication\\src\\javascript\\testTest.js": {"path":"C:\\Users\\mihae\\Downloads\\FH Master\\WebEngineering\\FrontEnd Application\\FrontendApplication\\src\\javascript\\testTest.js","statementMap":{"0":{"start":{"line":4,"column":8},"end":{"line":4,"column":24}},"1":{"start":{"line":8,"column":8},"end":{"line":8,"column":30}},"2":{"start":{"line":12,"column":30},"end":{"line":12,"column":66}},"3":{"start":{"line":12,"column":54},"end":{"line":12,"column":65}},"4":{"start":{"line":13,"column":8},"end":{"line":13,"column":35}}},"fnMap":{"0":{"name":"(anonymous_0)","decl":{"start":{"line":3,"column":4},"end":{"line":3,"column":5}},"loc":{"start":{"line":3,"column":18},"end":{"line":5,"column":5}},"line":3},"1":{"name":"(anonymous_1)","decl":{"start":{"line":7,"column":4},"end":{"line":7,"column":5}},"loc":{"start":{"line":7,"column":20},"end":{"line":9,"column":5}},"line":7},"2":{"name":"(anonymous_2)","decl":{"start":{"line":11,"column":4},"end":{"line":11,"column":5}},"loc":{"start":{"line":11,"column":25},"end":{"line":14,"column":5}},"line":11},"3":{"name":"(anonymous_3)","decl":{"start":{"line":12,"column":48},"end":{"line":12,"column":49}},"loc":{"start":{"line":12,"column":54},"end":{"line":12,"column":65}},"line":12}},"branchMap":{},"s":{"0":1,"1":1,"2":0,"3":0,"4":0},"f":{"0":1,"1":1,"2":0,"3":0},"b":{},"_coverageSchema":"1a1c01bbd47fc00a2c39e90264f33305004495a9","hash":"aa1ad8549c4002ba652ca8ed890c6914c8789be1"}
}
